This file contains any messages produced by compilers while
running configure, to aid debugging if configure makes a mistake.

It was created by configure, which was
generated by GNU Autoconf 2.60.  Invocation command line was

  $ /home/mbin96/build/src/term/httpd-2.0.63/srclib/apr-util/configure --prefix=/usr/local/apache2 --target=arm-none-linux-gnueabi --build=i686 --host=arm-none-linux-gnueabi --with-included-apr --enable-so --enable-static-htpasswd --enable-static-htdigest build_alias=i686 host_alias=arm-none-linux-gnueabi target_alias=arm-none-linux-gnueabi CC=arm-none-linux-gnueabi-gcc CPP=arm-none-linux-gnueabi-cpp --cache-file=/dev/null --srcdir=/home/mbin96/build/src/term/httpd-2.0.63/srclib/apr-util --with-apr=../apr --prefix=/usr/local/apache2 --exec-prefix=/usr/local/apache2 --libdir=${prefix}/lib --includedir=/usr/local/apache2/include --bindir=${prefix}/bin

## --------- ##
## Platform. ##
## --------- ##

hostname = ubuntu
uname -m = i686
uname -r = 3.13.0-32-generic
uname -s = Linux
uname -v = #57~precise1-Ubuntu SMP Tue Jul 15 03:50:54 UTC 2014

/usr/bin/uname -p = unknown
/bin/uname -X     = unknown

/bin/arch              = unknown
/usr/bin/arch -k       = unknown
/usr/convex/getsysinfo = unknown
/usr/bin/hostinfo      = unknown
/bin/machine           = unknown
/usr/bin/oslevel       = unknown
/bin/universe          = unknown

PATH: /usr/local/sbin
PATH: /usr/local/bin
PATH: /usr/sbin
PATH: /usr/bin
PATH: /sbin
PATH: /bin
PATH: /usr/games
PATH: /home/mbin96/build/arm-2009q3/bin


## ----------- ##
## Core tests. ##
## ----------- ##

configure:2014: checking build system type
configure:2032: result: i686-pc-none
configure:2054: checking host system type
configure:2069: result: arm-none-linux-gnueabi
configure:2091: checking target system type
configure:2106: result: arm-none-linux-gnueabi
configure:2141: checking for working mkdir -p
configure:2157: result: yes
configure:2241: checking for chosen layout
configure:2243: result: apr-util
configure:2454: checking for APR
configure:2514: result: yes
configure:2600: checking for arm-none-linux-gnueabi-gcc
configure:2627: result: arm-none-linux-gnueabi-gcc
configure:2905: checking for C compiler version
configure:2912: arm-none-linux-gnueabi-gcc --version >&5
arm-none-linux-gnueabi-gcc (Sourcery G++ Lite 2009q3-67) 4.4.1
Copyright (C) 2009 Free Software Foundation, Inc.
This is free software; see the source for copying conditions.  There is NO
warranty; not even for MERCHANTABILITY or FITNESS FOR A PARTICULAR PURPOSE.

configure:2915: $? = 0
configure:2922: arm-none-linux-gnueabi-gcc -v >&5
Using built-in specs.
Target: arm-none-linux-gnueabi
Configured with: /scratch/julian/2009q3-respin-linux-lite/src/gcc-4.4/configure --build=i686-pc-linux-gnu --host=i686-pc-linux-gnu --target=arm-none-linux-gnueabi --enable-threads --disable-libmudflap --disable-libssp --disable-libstdcxx-pch --enable-extra-sgxxlite-multilibs --with-arch=armv5te --with-gnu-as --with-gnu-ld --with-specs='%{funwind-tables|fno-unwind-tables|mabi=*|ffreestanding|nostdlib:;:-funwind-tables} %{O2:%{!fno-remove-local-statics: -fremove-local-statics}} %{O*:%{O|O0|O1|O2|Os:;:%{!fno-remove-local-statics: -fremove-local-statics}}}' --enable-languages=c,c++ --enable-shared --disable-lto --enable-symvers=gnu --enable-__cxa_atexit --with-pkgversion='Sourcery G++ Lite 2009q3-67' --with-bugurl=https://support.codesourcery.com/GNUToolchain/ --disable-nls --prefix=/opt/codesourcery --with-sysroot=/opt/codesourcery/arm-none-linux-gnueabi/libc --with-build-sysroot=/scratch/julian/2009q3-respin-linux-lite/install/arm-none-linux-gnueabi/libc --with-gmp=/scratch/julian/2009q3-respin-linux-lite/obj/host-libs-2009q3-67-arm-none-linux-gnueabi-i686-pc-linux-gnu/usr --with-mpfr=/scratch/julian/2009q3-respin-linux-lite/obj/host-libs-2009q3-67-arm-none-linux-gnueabi-i686-pc-linux-gnu/usr --with-ppl=/scratch/julian/2009q3-respin-linux-lite/obj/host-libs-2009q3-67-arm-none-linux-gnueabi-i686-pc-linux-gnu/usr --with-host-libstdcxx='-static-libgcc -Wl,-Bstatic,-lstdc++,-Bdynamic -lm' --with-cloog=/scratch/julian/2009q3-respin-linux-lite/obj/host-libs-2009q3-67-arm-none-linux-gnueabi-i686-pc-linux-gnu/usr --disable-libgomp --enable-poison-system-directories --with-build-time-tools=/scratch/julian/2009q3-respin-linux-lite/install/arm-none-linux-gnueabi/bin --with-build-time-tools=/scratch/julian/2009q3-respin-linux-lite/install/arm-none-linux-gnueabi/bin
Thread model: posix
gcc version 4.4.1 (Sourcery G++ Lite 2009q3-67) 
configure:2925: $? = 0
configure:2932: arm-none-linux-gnueabi-gcc -V >&5
arm-none-linux-gnueabi-gcc: '-V' option must have argument
configure:2935: $? = 1
configure:2958: checking for C compiler default output file name
configure:2985: arm-none-linux-gnueabi-gcc  -g -O2  -D_REENTRANT -D_GNU_SOURCE  conftest.c  >&5
configure:2988: $? = 0
configure:3034: result: a.out
configure:3039: checking whether the C compiler works
configure:3069: result: yes
configure:3076: checking whether we are cross compiling
configure:3078: result: yes
configure:3081: checking for suffix of executables
configure:3088: arm-none-linux-gnueabi-gcc -o conftest  -g -O2  -D_REENTRANT -D_GNU_SOURCE  conftest.c  >&5
configure:3091: $? = 0
configure:3115: result: 
configure:3121: checking for suffix of object files
configure:3147: arm-none-linux-gnueabi-gcc -c  -g -O2  -D_REENTRANT -D_GNU_SOURCE conftest.c >&5
configure:3150: $? = 0
configure:3173: result: o
configure:3177: checking whether we are using the GNU C compiler
configure:3206: arm-none-linux-gnueabi-gcc -c  -g -O2  -D_REENTRANT -D_GNU_SOURCE conftest.c >&5
configure:3212: $? = 0
configure:3219: test -z "$ac_c_werror_flag" || test ! -s conftest.err
configure:3222: $? = 0
configure:3229: test -s conftest.o
configure:3232: $? = 0
configure:3246: result: yes
configure:3251: checking whether arm-none-linux-gnueabi-gcc accepts -g
configure:3281: arm-none-linux-gnueabi-gcc -c -g  -D_REENTRANT -D_GNU_SOURCE conftest.c >&5
configure:3287: $? = 0
configure:3294: test -z "$ac_c_werror_flag" || test ! -s conftest.err
configure:3297: $? = 0
configure:3304: test -s conftest.o
configure:3307: $? = 0
configure:3437: result: yes
configure:3454: checking for arm-none-linux-gnueabi-gcc option to accept ISO C89
configure:3528: arm-none-linux-gnueabi-gcc  -c  -g -O2  -D_REENTRANT -D_GNU_SOURCE conftest.c >&5
configure:3534: $? = 0
configure:3541: test -z "$ac_c_werror_flag" || test ! -s conftest.err
configure:3544: $? = 0
configure:3551: test -s conftest.o
configure:3554: $? = 0
configure:3574: result: none needed
configure:3598: checking how to run the C preprocessor
configure:3728: result: arm-none-linux-gnueabi-cpp
configure:3757: arm-none-linux-gnueabi-cpp  -D_REENTRANT -D_GNU_SOURCE conftest.c
configure:3763: $? = 0
configure:3801: arm-none-linux-gnueabi-cpp  -D_REENTRANT -D_GNU_SOURCE conftest.c
conftest.c:8: fatal error: ac_nonexistent.h: No such file or directory
compilation terminated.
configure:3807: $? = 1
configure: failed program was:
| /* confdefs.h.  */
| #define PACKAGE_NAME ""
| #define PACKAGE_TARNAME ""
| #define PACKAGE_VERSION ""
| #define PACKAGE_STRING ""
| #define PACKAGE_BUGREPORT ""
| /* end confdefs.h.  */
| #include <ac_nonexistent.h>
configure:3852: checking for grep that handles long lines and -e
configure:3926: result: /bin/grep
configure:3931: checking for egrep
configure:4009: result: /bin/grep -E
configure:4014: checking for ANSI C header files
configure:4044: arm-none-linux-gnueabi-gcc -c  -g -O2  -D_REENTRANT -D_GNU_SOURCE conftest.c >&5
configure:4050: $? = 0
configure:4057: test -z "$ac_c_werror_flag" || test ! -s conftest.err
configure:4060: $? = 0
configure:4067: test -s conftest.o
configure:4070: $? = 0
configure:4195: result: yes
configure:4219: checking for sys/types.h
configure:4240: arm-none-linux-gnueabi-gcc -c  -g -O2  -D_REENTRANT -D_GNU_SOURCE conftest.c >&5
configure:4246: $? = 0
configure:4253: test -z "$ac_c_werror_flag" || test ! -s conftest.err
configure:4256: $? = 0
configure:4263: test -s conftest.o
configure:4266: $? = 0
configure:4279: result: yes
configure:4219: checking for sys/stat.h
configure:4240: arm-none-linux-gnueabi-gcc -c  -g -O2  -D_REENTRANT -D_GNU_SOURCE conftest.c >&5
configure:4246: $? = 0
configure:4253: test -z "$ac_c_werror_flag" || test ! -s conftest.err
configure:4256: $? = 0
configure:4263: test -s conftest.o
configure:4266: $? = 0
configure:4279: result: yes
configure:4219: checking for stdlib.h
configure:4240: arm-none-linux-gnueabi-gcc -c  -g -O2  -D_REENTRANT -D_GNU_SOURCE conftest.c >&5
configure:4246: $? = 0
configure:4253: test -z "$ac_c_werror_flag" || test ! -s conftest.err
configure:4256: $? = 0
configure:4263: test -s conftest.o
configure:4266: $? = 0
configure:4279: result: yes
configure:4219: checking for string.h
configure:4240: arm-none-linux-gnueabi-gcc -c  -g -O2  -D_REENTRANT -D_GNU_SOURCE conftest.c >&5
configure:4246: $? = 0
configure:4253: test -z "$ac_c_werror_flag" || test ! -s conftest.err
configure:4256: $? = 0
configure:4263: test -s conftest.o
configure:4266: $? = 0
configure:4279: result: yes
configure:4219: checking for memory.h
configure:4240: arm-none-linux-gnueabi-gcc -c  -g -O2  -D_REENTRANT -D_GNU_SOURCE conftest.c >&5
configure:4246: $? = 0
configure:4253: test -z "$ac_c_werror_flag" || test ! -s conftest.err
configure:4256: $? = 0
configure:4263: test -s conftest.o
configure:4266: $? = 0
configure:4279: result: yes
configure:4219: checking for strings.h
configure:4240: arm-none-linux-gnueabi-gcc -c  -g -O2  -D_REENTRANT -D_GNU_SOURCE conftest.c >&5
configure:4246: $? = 0
configure:4253: test -z "$ac_c_werror_flag" || test ! -s conftest.err
configure:4256: $? = 0
configure:4263: test -s conftest.o
configure:4266: $? = 0
configure:4279: result: yes
configure:4219: checking for inttypes.h
configure:4240: arm-none-linux-gnueabi-gcc -c  -g -O2  -D_REENTRANT -D_GNU_SOURCE conftest.c >&5
configure:4246: $? = 0
configure:4253: test -z "$ac_c_werror_flag" || test ! -s conftest.err
configure:4256: $? = 0
configure:4263: test -s conftest.o
configure:4266: $? = 0
configure:4279: result: yes
configure:4219: checking for stdint.h
configure:4240: arm-none-linux-gnueabi-gcc -c  -g -O2  -D_REENTRANT -D_GNU_SOURCE conftest.c >&5
configure:4246: $? = 0
configure:4253: test -z "$ac_c_werror_flag" || test ! -s conftest.err
configure:4256: $? = 0
configure:4263: test -s conftest.o
configure:4266: $? = 0
configure:4279: result: yes
configure:4219: checking for unistd.h
configure:4240: arm-none-linux-gnueabi-gcc -c  -g -O2  -D_REENTRANT -D_GNU_SOURCE conftest.c >&5
configure:4246: $? = 0
configure:4253: test -z "$ac_c_werror_flag" || test ! -s conftest.err
configure:4256: $? = 0
configure:4263: test -s conftest.o
configure:4266: $? = 0
configure:4279: result: yes
configure:29846: checking for default DBM
configure:29848: result: sdbm (default)
configure:30220: checking for Expat in /usr
configure:30287: result: no
configure:30220: checking for Expat in /usr/local
configure:30287: result: no
configure:30220: checking for Expat in xml/expat-cvs
configure:30287: result: no
configure:30220: checking for Expat in xml/expat
configure:30284: result: yes
configure:30789: checking iconv.h usability
configure:30806: arm-none-linux-gnueabi-gcc -c  -g -O2  -D_REENTRANT -D_GNU_SOURCE conftest.c >&5
configure:30812: $? = 0
configure:30819: test -z "$ac_c_werror_flag" || test ! -s conftest.err
configure:30822: $? = 0
configure:30829: test -s conftest.o
configure:30832: $? = 0
configure:30843: result: yes
configure:30847: checking iconv.h presence
configure:30862: arm-none-linux-gnueabi-cpp  -D_REENTRANT -D_GNU_SOURCE conftest.c
configure:30868: $? = 0
configure:30889: result: yes
configure:30917: checking for iconv.h
configure:30924: result: yes
configure:30958: arm-none-linux-gnueabi-gcc -o conftest  -g -O2  -D_REENTRANT -D_GNU_SOURCE  conftest.c  >&5
configure:30964: $? = 0
configure:30971: test -z "$ac_c_werror_flag" || test ! -s conftest.err
configure:30974: $? = 0
configure:30981: test -s conftest
configure:30984: $? = 0
configure:31252: checking for type of inbuf parameter to iconv
configure:31299: result: char **
configure:31311: checking for iconv.h
configure:31317: result: yes
configure:31321: checking langinfo.h usability
configure:31338: arm-none-linux-gnueabi-gcc -c  -g -O2  -D_REENTRANT -D_GNU_SOURCE conftest.c >&5
configure:31344: $? = 0
configure:31351: test -z "$ac_c_werror_flag" || test ! -s conftest.err
configure:31354: $? = 0
configure:31361: test -s conftest.o
configure:31364: $? = 0
configure:31375: result: yes
configure:31379: checking langinfo.h presence
configure:31394: arm-none-linux-gnueabi-cpp  -D_REENTRANT -D_GNU_SOURCE conftest.c
configure:31400: $? = 0
configure:31421: result: yes
configure:31449: checking for langinfo.h
configure:31457: result: yes
configure:31486: checking for nl_langinfo
configure:31542: arm-none-linux-gnueabi-gcc -o conftest  -g -O2  -D_REENTRANT -D_GNU_SOURCE  conftest.c  >&5
configure:31548: $? = 0
configure:31555: test -z "$ac_c_werror_flag" || test ! -s conftest.err
configure:31558: $? = 0
configure:31565: test -s conftest
configure:31568: $? = 0
configure:31582: result: yes
configure:31603: checking for CODESET in langinfo.h
configure:31632: result: yes
configure:31646: checking for library containing crypt
configure:31687: arm-none-linux-gnueabi-gcc -o conftest  -g -O2  -D_REENTRANT -D_GNU_SOURCE  conftest.c  >&5
/tmp/ccqXncMK.o: In function `main':
/home/mbin96/build/src/term/httpd-2.0.63/srclib/apr-util/conftest.c:33: undefined reference to `crypt'
collect2: ld returned 1 exit status
configure:31693: $? = 1
configure: failed program was:
| /* confdefs.h.  */
| #define PACKAGE_NAME ""
| #define PACKAGE_TARNAME ""
| #define PACKAGE_VERSION ""
| #define PACKAGE_STRING ""
| #define PACKAGE_BUGREPORT ""
| #define STDC_HEADERS 1
| #define HAVE_SYS_TYPES_H 1
| #define HAVE_SYS_STAT_H 1
| #define HAVE_STDLIB_H 1
| #define HAVE_STRING_H 1
| #define HAVE_MEMORY_H 1
| #define HAVE_STRINGS_H 1
| #define HAVE_INTTYPES_H 1
| #define HAVE_STDINT_H 1
| #define HAVE_UNISTD_H 1
| #define HAVE_ICONV_H 1
| #define HAVE_LANGINFO_H 1
| #define HAVE_NL_LANGINFO 1
| #define HAVE_CODESET 1
| /* end confdefs.h.  */
| 
| /* Override any GCC internal prototype to avoid an error.
|    Use char because int might match the return type of a GCC
|    builtin and then its argument prototype would still apply.  */
| #ifdef __cplusplus
| extern "C"
| #endif
| char crypt ();
| int
| main ()
| {
| return crypt ();
|   ;
|   return 0;
| }
configure:31687: arm-none-linux-gnueabi-gcc -o conftest  -g -O2  -D_REENTRANT -D_GNU_SOURCE  conftest.c -lcrypt   >&5
configure:31693: $? = 0
configure:31700: test -z "$ac_c_werror_flag" || test ! -s conftest.err
configure:31703: $? = 0
configure:31710: test -s conftest
configure:31713: $? = 0
configure:31737: result: -lcrypt
configure:31745: checking if system crypt() function is threadsafe
configure:31757: result: no
configure:31764: checking for crypt_r
configure:31820: arm-none-linux-gnueabi-gcc -o conftest  -g -O2  -D_REENTRANT -D_GNU_SOURCE  conftest.c -lcrypt  >&5
configure:31826: $? = 0
configure:31833: test -z "$ac_c_werror_flag" || test ! -s conftest.err
configure:31836: $? = 0
configure:31843: test -s conftest
configure:31846: $? = 0
configure:31860: result: yes
configure:31874: checking style of crypt_r
configure:31907: arm-none-linux-gnueabi-gcc -c  -g -O2  -D_REENTRANT -D_GNU_SOURCE conftest.c >&5
conftest.c: In function 'main':
conftest.c:30: error: 'CRYPTD' undeclared (first use in this function)
conftest.c:30: error: (Each undeclared identifier is reported only once
conftest.c:30: error: for each function it appears in.)
conftest.c:30: error: expected ';' before 'buffer'
conftest.c:31: error: 'buffer' undeclared (first use in this function)
configure:31913: $? = 1
configure: failed program was:
| /* confdefs.h.  */
| #define PACKAGE_NAME ""
| #define PACKAGE_TARNAME ""
| #define PACKAGE_VERSION ""
| #define PACKAGE_STRING ""
| #define PACKAGE_BUGREPORT ""
| #define STDC_HEADERS 1
| #define HAVE_SYS_TYPES_H 1
| #define HAVE_SYS_STAT_H 1
| #define HAVE_STDLIB_H 1
| #define HAVE_STRING_H 1
| #define HAVE_MEMORY_H 1
| #define HAVE_STRINGS_H 1
| #define HAVE_INTTYPES_H 1
| #define HAVE_STDINT_H 1
| #define HAVE_UNISTD_H 1
| #define HAVE_ICONV_H 1
| #define HAVE_LANGINFO_H 1
| #define HAVE_NL_LANGINFO 1
| #define HAVE_CODESET 1
| #define HAVE_CRYPT_R 1
| /* end confdefs.h.  */
| 
| #include <crypt.h>
| 
| int
| main ()
| {
| 
| CRYPTD buffer;
| crypt_r("passwd", "hash", &buffer);
| 
|   ;
|   return 0;
| }
configure:31971: arm-none-linux-gnueabi-gcc -c  -g -O2  -D_REENTRANT -D_GNU_SOURCE conftest.c >&5
configure:31977: $? = 0
configure:31984: test -z "$ac_c_werror_flag" || test ! -s conftest.err
configure:31987: $? = 0
configure:31994: test -s conftest.o
configure:31997: $? = 0
configure:32011: result: struct_crypt_data
configure:32224: creating ./config.status

## ---------------------- ##
## Running config.status. ##
## ---------------------- ##

This file was extended by config.status, which was
generated by GNU Autoconf 2.60.  Invocation command line was

  CONFIG_FILES    = 
  CONFIG_HEADERS  = 
  CONFIG_LINKS    = 
  CONFIG_COMMANDS = 
  $ ./config.status 

on ubuntu

config.status:646: creating export_vars.sh
config.status:646: creating apu-config
config.status:646: creating build/pkg/pkginfo
config.status:646: creating include/private/apu_select_dbm.h
config.status:646: creating include/apr_ldap.h
config.status:646: creating include/apu.h
config.status:646: creating include/apu_want.h
config.status:646: creating Makefile
config.status:646: creating buckets/Makefile
config.status:646: creating crypto/Makefile
config.status:646: creating dbm/Makefile
config.status:646: creating dbm/sdbm/Makefile
config.status:646: creating encoding/Makefile
config.status:646: creating hooks/Makefile
config.status:646: creating ldap/Makefile
config.status:646: creating uri/Makefile
config.status:646: creating xml/Makefile
config.status:646: creating misc/Makefile
config.status:646: creating strmatch/Makefile
config.status:646: creating xlate/Makefile
config.status:646: creating test/Makefile
config.status:646: creating include/private/apu_config.h
config.status:878: executing default commands

## ---------------- ##
## Cache variables. ##
## ---------------- ##

ac_cv_build=i686-pc-none
ac_cv_c_compiler_gnu=yes
ac_cv_crypt_r_style=struct_crypt_data
ac_cv_define_CODESET=yes
ac_cv_env_CC_set=set
ac_cv_env_CC_value=arm-none-linux-gnueabi-gcc
ac_cv_env_CFLAGS_set=
ac_cv_env_CFLAGS_value=
ac_cv_env_CPPFLAGS_set=
ac_cv_env_CPPFLAGS_value=
ac_cv_env_CPP_set=set
ac_cv_env_CPP_value=arm-none-linux-gnueabi-cpp
ac_cv_env_LDFLAGS_set=
ac_cv_env_LDFLAGS_value=
ac_cv_env_build_alias_set=set
ac_cv_env_build_alias_value=i686
ac_cv_env_host_alias_set=set
ac_cv_env_host_alias_value=arm-none-linux-gnueabi
ac_cv_env_target_alias_set=set
ac_cv_env_target_alias_value=arm-none-linux-gnueabi
ac_cv_file__dev_zero=no
ac_cv_file_dbd_apr_dbd_mysql_c=no
ac_cv_func_crypt_r=yes
ac_cv_func_nl_langinfo=yes
ac_cv_func_setpgrp_void=no
ac_cv_header_iconv_h=yes
ac_cv_header_inttypes_h=yes
ac_cv_header_langinfo_h=yes
ac_cv_header_memory_h=yes
ac_cv_header_stdc=yes
ac_cv_header_stdint_h=yes
ac_cv_header_stdlib_h=yes
ac_cv_header_string_h=yes
ac_cv_header_strings_h=yes
ac_cv_header_sys_stat_h=yes
ac_cv_header_sys_types_h=yes
ac_cv_header_unistd_h=yes
ac_cv_host=arm-none-linux-gnueabi
ac_cv_mkdir_p=yes
ac_cv_objext=o
ac_cv_path_EGREP='/bin/grep -E'
ac_cv_path_GREP=/bin/grep
ac_cv_prog_CC=arm-none-linux-gnueabi-gcc
ac_cv_prog_CPP=arm-none-linux-gnueabi-cpp
ac_cv_prog_cc_c89=
ac_cv_prog_cc_g=yes
ac_cv_search_crypt=-lcrypt
ac_cv_sizeof_int=4
ac_cv_sizeof_size_t=4
ac_cv_sizeof_ssize_t=4
ac_cv_target=arm-none-linux-gnueabi
apr_cv_process_shared_works=no
apr_cv_tcp_nodelay_with_cork=no

## ----------------- ##
## Output variables. ##
## ----------------- ##

APRUTIL_DOTTED_VERSION='0.9.15'
APRUTIL_EXPORT_LIBS='/home/mbin96/build/src/term/httpd-2.0.63/srclib/apr-util/xml/expat/lib/libexpat.la'
APRUTIL_INCLUDES='-I/home/mbin96/build/src/term/httpd-2.0.63/srclib/apr-util/xml/expat/lib'
APRUTIL_LDFLAGS='-L/home/mbin96/build/src/term/httpd-2.0.63/srclib/apr-util/xml/expat/lib'
APRUTIL_LIBNAME='aprutil-${APRUTIL_MAJOR_VERSION}'
APRUTIL_LIBS='/home/mbin96/build/src/term/httpd-2.0.63/srclib/apr-util/xml/expat/lib/libexpat.la /home/mbin96/build/src/term/httpd-2.0.63/srclib/apr/libapr-0.la -lrt -lm -lcrypt -lnsl -ldl'
APRUTIL_MAJOR_VERSION='0'
APRUTIL_PRIV_INCLUDES='-I/home/mbin96/build/src/term/httpd-2.0.63/srclib/apr-util/include -I/home/mbin96/build/src/term/httpd-2.0.63/srclib/apr-util/include/private'
APR_BUILD_DIR='/home/mbin96/build/src/term/httpd-2.0.63/srclib/apr/build'
APR_INCLUDES=' -I/home/mbin96/build/src/term/httpd-2.0.63/srclib/apr/include '
APR_LIBS=' /home/mbin96/build/src/term/httpd-2.0.63/srclib/apr/libapr-0.la -lrt -lm -lcrypt -lnsl  -ldl'
APR_XML_DIR='xml/expat'
APR_XML_EXPAT_OLD=''
APR_XML_SUBDIRS='expat'
APU_CONFIG_LOCATION='source'
CC='arm-none-linux-gnueabi-gcc'
CFLAGS=' -g -O2'
CPP='arm-none-linux-gnueabi-cpp'
CPPFLAGS=' -D_REENTRANT -D_GNU_SOURCE'
DEFS='-DHAVE_CONFIG_H'
ECHO_C=''
ECHO_N='-n'
ECHO_T=''
EGREP='/bin/grep -E'
EXEEXT=''
EXTRA_OS_LINK=''
GREP='/bin/grep'
INCLUDE_RULES='include /home/mbin96/build/src/term/httpd-2.0.63/srclib/apr-util/build/rules.mk'
LDFLAGS=''
LIBOBJS=''
LIBS='-lcrypt '
LTLIBOBJS=''
LT_NO_INSTALL='-no-install'
OBJEXT='o'
PACKAGE_BUGREPORT=''
PACKAGE_NAME=''
PACKAGE_STRING=''
PACKAGE_TARNAME=''
PACKAGE_VERSION=''
PATH_SEPARATOR=':'
SHELL='/bin/bash'
abs_builddir='/home/mbin96/build/src/term/httpd-2.0.63/srclib/apr-util'
abs_srcdir='/home/mbin96/build/src/term/httpd-2.0.63/srclib/apr-util'
ac_ct_CC=''
apu_db_header='db.h'
apu_db_version='0'
apu_has_ldap='0'
apu_has_ldap_netscape_ssl='0'
apu_has_ldap_starttls='0'
apu_have_db='0'
apu_have_gdbm='0'
apu_have_ndbm='0'
apu_have_sdbm='1'
apu_use_db='0'
apu_use_gdbm='0'
apu_use_ndbm='0'
apu_use_sdbm='1'
bindir='${prefix}/bin'
build='i686-pc-none'
build_alias='i686'
build_cpu='i686'
build_os='none'
build_vendor='pc'
datadir='${prefix}'
datarootdir='${prefix}/share'
docdir='${datarootdir}/doc/${PACKAGE}'
dvidir='${docdir}'
exec_prefix='/usr/local/apache2'
have_iconv='1'
host='arm-none-linux-gnueabi'
host_alias='Linux'
host_cpu='arm'
host_os='linux-gnueabi'
host_vendor='none'
htmldir='${docdir}'
includedir='/usr/local/apache2/include'
infodir='${datarootdir}/info'
lber_h=''
ldap_h=''
ldap_ssl_h=''
lib_target='-rpath $(libdir) $$objects'
libdir='${prefix}/lib'
libexecdir='${exec_prefix}/modules'
localedir='${datarootdir}/locale'
localstatedir='${prefix}'
mandir='${prefix}/man'
oldincludedir='/usr/include'
pdfdir='${docdir}'
prefix='/usr/local/apache2'
program_transform_name='s,x,x,'
psdir='${docdir}'
sbindir='${exec_prefix}/bin'
sharedstatedir='${prefix}/com'
so_ext='lo'
sysconfdir='${prefix}/conf'
target='arm-none-linux-gnueabi'
target_alias='arm-none-linux-gnueabi'
target_cpu='arm'
target_os='linux-gnueabi'
target_vendor='none'
top_builddir='/home/mbin96/build/src/term/httpd-2.0.63/srclib/apr-util'

## ----------- ##
## confdefs.h. ##
## ----------- ##

#define PACKAGE_NAME ""
#define PACKAGE_TARNAME ""
#define PACKAGE_VERSION ""
#define PACKAGE_STRING ""
#define PACKAGE_BUGREPORT ""
#define STDC_HEADERS 1
#define HAVE_SYS_TYPES_H 1
#define HAVE_SYS_STAT_H 1
#define HAVE_STDLIB_H 1
#define HAVE_STRING_H 1
#define HAVE_MEMORY_H 1
#define HAVE_STRINGS_H 1
#define HAVE_INTTYPES_H 1
#define HAVE_STDINT_H 1
#define HAVE_UNISTD_H 1
#define HAVE_ICONV_H 1
#define HAVE_LANGINFO_H 1
#define HAVE_NL_LANGINFO 1
#define HAVE_CODESET 1
#define HAVE_CRYPT_R 1
#define CRYPT_R_STRUCT_CRYPT_DATA 1

configure: exit 0
