This file contains any messages produced by compilers while
running configure, to aid debugging if configure makes a mistake.

It was created by configure, which was
generated by GNU Autoconf 2.60.  Invocation command line was

  $ /home/mbin96/build/src/term/http/httpd-2.0.63/srclib/apr-util/xml/expat/configure --with-included-apr --enable-so --cache-file=/dev/null --srcdir=/home/mbin96/build/src/term/http/httpd-2.0.63/srclib/apr-util --with-apr=../apr --prefix=/usr/local/apache2 --exec-prefix=/usr/local/apache2 --libdir=${prefix}/lib --includedir=/usr/local/apache2/include --bindir=${prefix}/bin --cache-file=/dev/null --srcdir=/home/mbin96/build/src/term/http/httpd-2.0.63/srclib/apr-util/xml/expat --prefix=/usr/local/apache2 --exec-prefix=/usr/local/apache2 --libdir=/usr/local/apache2/lib --includedir=/usr/local/apache2/include --bindir=/usr/local/apache2/bin

## --------- ##
## Platform. ##
## --------- ##

hostname = ubuntu
uname -m = i686
uname -r = 3.13.0-32-generic
uname -s = Linux
uname -v = #57~precise1-Ubuntu SMP Tue Jul 15 03:50:54 UTC 2014

/usr/bin/uname -p = unknown
/bin/uname -X     = unknown

/bin/arch              = unknown
/usr/bin/arch -k       = unknown
/usr/convex/getsysinfo = unknown
/usr/bin/hostinfo      = unknown
/bin/machine           = unknown
/usr/bin/oslevel       = unknown
/bin/universe          = unknown

PATH: /usr/local/sbin
PATH: /usr/local/bin
PATH: /usr/sbin
PATH: /usr/bin
PATH: /sbin
PATH: /bin
PATH: /usr/games
PATH: /home/mbin96/build/arm-2009q3/bin


## ----------- ##
## Core tests. ##
## ----------- ##

configure:1938: checking build system type
configure:1956: result: i686-pc-linux-gnu
configure:1978: checking host system type
configure:1993: result: i686-pc-linux-gnu
configure:2015: checking target system type
configure:2030: result: i686-pc-linux-gnu
configure:2187: checking for gcc
configure:2203: found /usr/bin/gcc
configure:2214: result: gcc
configure:2452: checking for C compiler version
configure:2459: gcc --version >&5
gcc.real (Ubuntu/Linaro 4.6.3-1ubuntu5) 4.6.3
Copyright (C) 2011 Free Software Foundation, Inc.
This is free software; see the source for copying conditions.  There is NO
warranty; not even for MERCHANTABILITY or FITNESS FOR A PARTICULAR PURPOSE.

configure:2462: $? = 0
configure:2469: gcc -v >&5
Using built-in specs.
COLLECT_GCC=gcc.real
COLLECT_LTO_WRAPPER=/usr/lib/gcc/i686-linux-gnu/4.6/lto-wrapper
Target: i686-linux-gnu
Configured with: ../src/configure -v --with-pkgversion='Ubuntu/Linaro 4.6.3-1ubuntu5' --with-bugurl=file:///usr/share/doc/gcc-4.6/README.Bugs --enable-languages=c,c++,fortran,objc,obj-c++ --prefix=/usr --program-suffix=-4.6 --enable-shared --enable-linker-build-id --with-system-zlib --libexecdir=/usr/lib --without-included-gettext --enable-threads=posix --with-gxx-include-dir=/usr/include/c++/4.6 --libdir=/usr/lib --enable-nls --with-sysroot=/ --enable-clocale=gnu --enable-libstdcxx-debug --enable-libstdcxx-time=yes --enable-gnu-unique-object --enable-plugin --enable-objc-gc --enable-targets=all --disable-werror --with-arch-32=i686 --with-tune=generic --enable-checking=release --build=i686-linux-gnu --host=i686-linux-gnu --target=i686-linux-gnu
Thread model: posix
gcc version 4.6.3 (Ubuntu/Linaro 4.6.3-1ubuntu5) 
configure:2472: $? = 0
configure:2479: gcc -V >&5
gcc.real: error: unrecognized option '-V'
gcc.real: fatal error: no input files
compilation terminated.
configure:2482: $? = 4
configure:2505: checking for C compiler default output file name
configure:2532: gcc    conftest.c  >&5
configure:2535: $? = 0
configure:2581: result: a.out
configure:2586: checking whether the C compiler works
configure:2596: ./a.out
configure:2599: $? = 0
configure:2616: result: yes
configure:2623: checking whether we are cross compiling
configure:2625: result: no
configure:2628: checking for suffix of executables
configure:2635: gcc -o conftest    conftest.c  >&5
configure:2638: $? = 0
configure:2662: result: 
configure:2668: checking for suffix of object files
configure:2694: gcc -c   conftest.c >&5
configure:2697: $? = 0
configure:2720: result: o
configure:2724: checking whether we are using the GNU C compiler
configure:2753: gcc -c   conftest.c >&5
configure:2759: $? = 0
configure:2766: test -z "$ac_c_werror_flag" || test ! -s conftest.err
configure:2769: $? = 0
configure:2776: test -s conftest.o
configure:2779: $? = 0
configure:2793: result: yes
configure:2798: checking whether gcc accepts -g
configure:2828: gcc -c -g  conftest.c >&5
configure:2834: $? = 0
configure:2841: test -z "$ac_c_werror_flag" || test ! -s conftest.err
configure:2844: $? = 0
configure:2851: test -s conftest.o
configure:2854: $? = 0
configure:2984: result: yes
configure:3001: checking for gcc option to accept ISO C89
configure:3075: gcc  -c -g -O2  conftest.c >&5
configure:3081: $? = 0
configure:3088: test -z "$ac_c_werror_flag" || test ! -s conftest.err
configure:3091: $? = 0
configure:3098: test -s conftest.o
configure:3101: $? = 0
configure:3121: result: none needed
configure:3139: checking for a sed that does not truncate output
configure:3193: result: /bin/sed
configure:3196: checking for grep that handles long lines and -e
configure:3270: result: /bin/grep
configure:3275: checking for egrep
configure:3353: result: /bin/grep -E
configure:3369: checking for ld used by gcc
configure:3436: result: /usr/bin/ld
configure:3445: checking if the linker (/usr/bin/ld) is GNU ld
configure:3460: result: yes
configure:3465: checking for /usr/bin/ld option to reload object files
configure:3472: result: -r
configure:3490: checking for BSD-compatible nm
configure:3539: result: /usr/bin/nm -B
configure:3543: checking whether ln -s works
configure:3547: result: yes
configure:3554: checking how to recognise dependent libraries
configure:3730: result: pass_all
configure:4270: checking how to run the C preprocessor
configure:4310: gcc -E  conftest.c
configure:4316: $? = 0
configure:4354: gcc -E  conftest.c
conftest.c:8:28: fatal error: ac_nonexistent.h: No such file or directory
compilation terminated.
configure:4360: $? = 1
configure: failed program was:
| /* confdefs.h.  */
| #define PACKAGE_NAME ""
| #define PACKAGE_TARNAME ""
| #define PACKAGE_VERSION ""
| #define PACKAGE_STRING ""
| #define PACKAGE_BUGREPORT ""
| /* end confdefs.h.  */
| #include <ac_nonexistent.h>
configure:4400: result: gcc -E
configure:4429: gcc -E  conftest.c
configure:4435: $? = 0
configure:4473: gcc -E  conftest.c
conftest.c:8:28: fatal error: ac_nonexistent.h: No such file or directory
compilation terminated.
configure:4479: $? = 1
configure: failed program was:
| /* confdefs.h.  */
| #define PACKAGE_NAME ""
| #define PACKAGE_TARNAME ""
| #define PACKAGE_VERSION ""
| #define PACKAGE_STRING ""
| #define PACKAGE_BUGREPORT ""
| /* end confdefs.h.  */
| #include <ac_nonexistent.h>
configure:4524: checking for ANSI C header files
configure:4554: gcc -c -g -O2  conftest.c >&5
configure:4560: $? = 0
configure:4567: test -z "$ac_c_werror_flag" || test ! -s conftest.err
configure:4570: $? = 0
configure:4577: test -s conftest.o
configure:4580: $? = 0
configure:4676: gcc -o conftest -g -O2   conftest.c  >&5
configure:4679: $? = 0
configure:4685: ./conftest
configure:4688: $? = 0
configure:4705: result: yes
configure:4729: checking for sys/types.h
configure:4750: gcc -c -g -O2  conftest.c >&5
configure:4756: $? = 0
configure:4763: test -z "$ac_c_werror_flag" || test ! -s conftest.err
configure:4766: $? = 0
configure:4773: test -s conftest.o
configure:4776: $? = 0
configure:4789: result: yes
configure:4729: checking for sys/stat.h
configure:4750: gcc -c -g -O2  conftest.c >&5
configure:4756: $? = 0
configure:4763: test -z "$ac_c_werror_flag" || test ! -s conftest.err
configure:4766: $? = 0
configure:4773: test -s conftest.o
configure:4776: $? = 0
configure:4789: result: yes
configure:4729: checking for stdlib.h
configure:4750: gcc -c -g -O2  conftest.c >&5
configure:4756: $? = 0
configure:4763: test -z "$ac_c_werror_flag" || test ! -s conftest.err
configure:4766: $? = 0
configure:4773: test -s conftest.o
configure:4776: $? = 0
configure:4789: result: yes
configure:4729: checking for string.h
configure:4750: gcc -c -g -O2  conftest.c >&5
configure:4756: $? = 0
configure:4763: test -z "$ac_c_werror_flag" || test ! -s conftest.err
configure:4766: $? = 0
configure:4773: test -s conftest.o
configure:4776: $? = 0
configure:4789: result: yes
configure:4729: checking for memory.h
configure:4750: gcc -c -g -O2  conftest.c >&5
configure:4756: $? = 0
configure:4763: test -z "$ac_c_werror_flag" || test ! -s conftest.err
configure:4766: $? = 0
configure:4773: test -s conftest.o
configure:4776: $? = 0
configure:4789: result: yes
configure:4729: checking for strings.h
configure:4750: gcc -c -g -O2  conftest.c >&5
configure:4756: $? = 0
configure:4763: test -z "$ac_c_werror_flag" || test ! -s conftest.err
configure:4766: $? = 0
configure:4773: test -s conftest.o
configure:4776: $? = 0
configure:4789: result: yes
configure:4729: checking for inttypes.h
configure:4750: gcc -c -g -O2  conftest.c >&5
configure:4756: $? = 0
configure:4763: test -z "$ac_c_werror_flag" || test ! -s conftest.err
configure:4766: $? = 0
configure:4773: test -s conftest.o
configure:4776: $? = 0
configure:4789: result: yes
configure:4729: checking for stdint.h
configure:4750: gcc -c -g -O2  conftest.c >&5
configure:4756: $? = 0
configure:4763: test -z "$ac_c_werror_flag" || test ! -s conftest.err
configure:4766: $? = 0
configure:4773: test -s conftest.o
configure:4776: $? = 0
configure:4789: result: yes
configure:4729: checking for unistd.h
configure:4750: gcc -c -g -O2  conftest.c >&5
configure:4756: $? = 0
configure:4763: test -z "$ac_c_werror_flag" || test ! -s conftest.err
configure:4766: $? = 0
configure:4773: test -s conftest.o
configure:4776: $? = 0
configure:4789: result: yes
configure:4816: checking dlfcn.h usability
configure:4833: gcc -c -g -O2  conftest.c >&5
configure:4839: $? = 0
configure:4846: test -z "$ac_c_werror_flag" || test ! -s conftest.err
configure:4849: $? = 0
configure:4856: test -s conftest.o
configure:4859: $? = 0
configure:4870: result: yes
configure:4874: checking dlfcn.h presence
configure:4889: gcc -E  conftest.c
configure:4895: $? = 0
configure:4916: result: yes
configure:4944: checking for dlfcn.h
configure:4952: result: yes
configure:5023: checking for g++
configure:5039: found /usr/bin/g++
configure:5050: result: g++
configure:5081: checking for C++ compiler version
configure:5088: g++ --version >&5
Unable to exec g++.real: No such file or directory
configure:5091: $? = 2
configure:5098: g++ -v >&5
Unable to exec g++.real: No such file or directory
configure:5101: $? = 2
configure:5108: g++ -V >&5
Unable to exec g++.real: No such file or directory
configure:5111: $? = 2
configure:5114: checking whether we are using the GNU C++ compiler
configure:5143: g++ -c   conftest.cpp >&5
Unable to exec g++.real: No such file or directory
configure:5149: $? = 2
configure: failed program was:
| /* confdefs.h.  */
| #define PACKAGE_NAME ""
| #define PACKAGE_TARNAME ""
| #define PACKAGE_VERSION ""
| #define PACKAGE_STRING ""
| #define PACKAGE_BUGREPORT ""
| #define STDC_HEADERS 1
| #define HAVE_SYS_TYPES_H 1
| #define HAVE_SYS_STAT_H 1
| #define HAVE_STDLIB_H 1
| #define HAVE_STRING_H 1
| #define HAVE_MEMORY_H 1
| #define HAVE_STRINGS_H 1
| #define HAVE_INTTYPES_H 1
| #define HAVE_STDINT_H 1
| #define HAVE_UNISTD_H 1
| #define HAVE_DLFCN_H 1
| /* end confdefs.h.  */
| 
| int
| main ()
| {
| #ifndef __GNUC__
|        choke me
| #endif
| 
|   ;
|   return 0;
| }
configure:5183: result: no
configure:5188: checking whether g++ accepts -g
configure:5218: g++ -c -g  conftest.cpp >&5
Unable to exec g++.real: No such file or directory
configure:5224: $? = 2
configure: failed program was:
| /* confdefs.h.  */
| #define PACKAGE_NAME ""
| #define PACKAGE_TARNAME ""
| #define PACKAGE_VERSION ""
| #define PACKAGE_STRING ""
| #define PACKAGE_BUGREPORT ""
| #define STDC_HEADERS 1
| #define HAVE_SYS_TYPES_H 1
| #define HAVE_SYS_STAT_H 1
| #define HAVE_STDLIB_H 1
| #define HAVE_STRING_H 1
| #define HAVE_MEMORY_H 1
| #define HAVE_STRINGS_H 1
| #define HAVE_INTTYPES_H 1
| #define HAVE_STDINT_H 1
| #define HAVE_UNISTD_H 1
| #define HAVE_DLFCN_H 1
| /* end confdefs.h.  */
| 
| int
| main ()
| {
| 
|   ;
|   return 0;
| }
configure:5273: g++ -c   conftest.cpp >&5
Unable to exec g++.real: No such file or directory
configure:5279: $? = 2
configure: failed program was:
| /* confdefs.h.  */
| #define PACKAGE_NAME ""
| #define PACKAGE_TARNAME ""
| #define PACKAGE_VERSION ""
| #define PACKAGE_STRING ""
| #define PACKAGE_BUGREPORT ""
| #define STDC_HEADERS 1
| #define HAVE_SYS_TYPES_H 1
| #define HAVE_SYS_STAT_H 1
| #define HAVE_STDLIB_H 1
| #define HAVE_STRING_H 1
| #define HAVE_MEMORY_H 1
| #define HAVE_STRINGS_H 1
| #define HAVE_INTTYPES_H 1
| #define HAVE_STDINT_H 1
| #define HAVE_UNISTD_H 1
| #define HAVE_DLFCN_H 1
| /* end confdefs.h.  */
| 
| int
| main ()
| {
| 
|   ;
|   return 0;
| }
configure:5329: g++ -c -g  conftest.cpp >&5
Unable to exec g++.real: No such file or directory
configure:5335: $? = 2
configure: failed program was:
| /* confdefs.h.  */
| #define PACKAGE_NAME ""
| #define PACKAGE_TARNAME ""
| #define PACKAGE_VERSION ""
| #define PACKAGE_STRING ""
| #define PACKAGE_BUGREPORT ""
| #define STDC_HEADERS 1
| #define HAVE_SYS_TYPES_H 1
| #define HAVE_SYS_STAT_H 1
| #define HAVE_STDLIB_H 1
| #define HAVE_STRING_H 1
| #define HAVE_MEMORY_H 1
| #define HAVE_STRINGS_H 1
| #define HAVE_INTTYPES_H 1
| #define HAVE_STDINT_H 1
| #define HAVE_UNISTD_H 1
| #define HAVE_DLFCN_H 1
| /* end confdefs.h.  */
| 
| int
| main ()
| {
| 
|   ;
|   return 0;
| }
configure:5374: result: no
configure:5712: checking for g77
configure:5742: result: no
configure:5712: checking for f77
configure:5742: result: no
configure:5712: checking for xlf
configure:5742: result: no
configure:5712: checking for frt
configure:5742: result: no
configure:5712: checking for pgf77
configure:5742: result: no
configure:5712: checking for cf77
configure:5742: result: no
configure:5712: checking for fort77
configure:5742: result: no
configure:5712: checking for fl32
configure:5742: result: no
configure:5712: checking for af77
configure:5742: result: no
configure:5712: checking for f90
configure:5742: result: no
configure:5712: checking for xlf90
configure:5742: result: no
configure:5712: checking for pgf90
configure:5742: result: no
configure:5712: checking for pghpf
configure:5742: result: no
configure:5712: checking for epcf90
configure:5742: result: no
configure:5712: checking for gfortran
configure:5742: result: no
configure:5712: checking for g95
configure:5742: result: no
configure:5712: checking for f95
configure:5742: result: no
configure:5712: checking for fort
configure:5742: result: no
configure:5712: checking for xlf95
configure:5742: result: no
configure:5712: checking for ifort
configure:5742: result: no
configure:5712: checking for ifc
configure:5742: result: no
configure:5712: checking for efc
configure:5742: result: no
configure:5712: checking for pgf95
configure:5742: result: no
configure:5712: checking for lf95
configure:5742: result: no
configure:5712: checking for ftn
configure:5742: result: no
configure:5769: checking for Fortran 77 compiler version
configure:5776:  --version >&5
/home/mbin96/build/src/term/http/httpd-2.0.63/srclib/apr-util/xml/expat/configure: line 5777: --version: command not found
configure:5779: $? = 127
configure:5786:  -v >&5
/home/mbin96/build/src/term/http/httpd-2.0.63/srclib/apr-util/xml/expat/configure: line 5787: -v: command not found
configure:5789: $? = 127
configure:5796:  -V >&5
/home/mbin96/build/src/term/http/httpd-2.0.63/srclib/apr-util/xml/expat/configure: line 5797: -V: command not found
configure:5799: $? = 127
configure:5807: checking whether we are using the GNU Fortran 77 compiler
configure:5826:  -c  conftest.F >&5
/home/mbin96/build/src/term/http/httpd-2.0.63/srclib/apr-util/xml/expat/configure: line 5827: -c: command not found
configure:5832: $? = 127
configure: failed program was:
|       program main
| #ifndef __GNUC__
|        choke me
| #endif
| 
|       end
configure:5866: result: no
configure:5872: checking whether  accepts -g
configure:5889:  -c -g conftest.f >&5
/home/mbin96/build/src/term/http/httpd-2.0.63/srclib/apr-util/xml/expat/configure: line 5890: -c: command not found
configure:5895: $? = 127
configure: failed program was:
|       program main
| 
|       end
configure:5928: result: no
configure:5958: checking the maximum length of command line arguments
configure:6067: result: 32768
configure:6078: checking command to parse /usr/bin/nm -B output from gcc object
configure:6183: gcc -c -g -O2  conftest.c >&5
configure:6186: $? = 0
configure:6190: /usr/bin/nm -B conftest.o \| sed -n -e 's/^.*[ 	]\([ABCDGIRSTW][ABCDGIRSTW]*\)[ 	][ 	]*\([_A-Za-z][_A-Za-z0-9]*\)$/\1 \2 \2/p' \> conftest.nm
configure:6193: $? = 0
configure:6245: gcc -o conftest -g -O2   conftest.c conftstm.o >&5
configure:6248: $? = 0
configure:6286: result: ok
configure:6290: checking for objdir
configure:6305: result: .libs
configure:6397: checking for ar
configure:6413: found /usr/bin/ar
configure:6424: result: ar
configure:6493: checking for ranlib
configure:6509: found /usr/bin/ranlib
configure:6520: result: ranlib
configure:6589: checking for strip
configure:6605: found /usr/bin/strip
configure:6616: result: strip
configure:6906: checking if gcc supports -fno-rtti -fno-exceptions
configure:6924: gcc -c -g -O2  -fno-rtti -fno-exceptions conftest.c >&5
cc1: warning: command line option '-fno-rtti' is valid for C++/ObjC++ but not for C [enabled by default]
configure:6928: $? = 0
configure:6941: result: no
configure:6956: checking for gcc option to produce PIC
configure:7166: result: -fPIC
configure:7174: checking if gcc PIC flag -fPIC works
configure:7192: gcc -c -g -O2  -fPIC -DPIC conftest.c >&5
configure:7196: $? = 0
configure:7209: result: yes
configure:7237: checking if gcc static flag -static works
configure:7265: result: yes
configure:7275: checking if gcc supports -c -o file.o
configure:7296: gcc -c -g -O2  -o out/conftest2.o conftest.c >&5
configure:7300: $? = 0
configure:7322: result: yes
configure:7348: checking whether the gcc linker (/usr/bin/ld) supports shared libraries
configure:8334: result: yes
configure:8355: checking whether -lc should be explicitly linked in
configure:8360: gcc -c -g -O2  conftest.c >&5
configure:8363: $? = 0
configure:8378: gcc -shared conftest.o  -v -Wl,-soname -Wl,conftest -o conftest 2\>\&1 \| grep  -lc  \>/dev/null 2\>\&1
configure:8381: $? = 0
configure:8393: result: no
configure:8401: checking dynamic linker characteristics
configure:8989: result: GNU/Linux ld.so
configure:8998: checking how to hardcode library paths into programs
configure:9023: result: immediate
configure:9037: checking whether stripping libraries is possible
configure:9042: result: yes
configure:9955: checking if libtool supports shared libraries
configure:9957: result: yes
configure:9960: checking whether to build shared libraries
configure:9981: result: yes
configure:9984: checking whether to build static libraries
configure:9988: result: yes
configure:10080: creating libtool
configure:19362: checking for gcc
configure:19389: result: gcc
configure:19627: checking for C compiler version
configure:19634: gcc --version >&5
gcc.real (Ubuntu/Linaro 4.6.3-1ubuntu5) 4.6.3
Copyright (C) 2011 Free Software Foundation, Inc.
This is free software; see the source for copying conditions.  There is NO
warranty; not even for MERCHANTABILITY or FITNESS FOR A PARTICULAR PURPOSE.

configure:19637: $? = 0
configure:19644: gcc -v >&5
Using built-in specs.
COLLECT_GCC=gcc.real
COLLECT_LTO_WRAPPER=/usr/lib/gcc/i686-linux-gnu/4.6/lto-wrapper
Target: i686-linux-gnu
Configured with: ../src/configure -v --with-pkgversion='Ubuntu/Linaro 4.6.3-1ubuntu5' --with-bugurl=file:///usr/share/doc/gcc-4.6/README.Bugs --enable-languages=c,c++,fortran,objc,obj-c++ --prefix=/usr --program-suffix=-4.6 --enable-shared --enable-linker-build-id --with-system-zlib --libexecdir=/usr/lib --without-included-gettext --enable-threads=posix --with-gxx-include-dir=/usr/include/c++/4.6 --libdir=/usr/lib --enable-nls --with-sysroot=/ --enable-clocale=gnu --enable-libstdcxx-debug --enable-libstdcxx-time=yes --enable-gnu-unique-object --enable-plugin --enable-objc-gc --enable-targets=all --disable-werror --with-arch-32=i686 --with-tune=generic --enable-checking=release --build=i686-linux-gnu --host=i686-linux-gnu --target=i686-linux-gnu
Thread model: posix
gcc version 4.6.3 (Ubuntu/Linaro 4.6.3-1ubuntu5) 
configure:19647: $? = 0
configure:19654: gcc -V >&5
gcc.real: error: unrecognized option '-V'
gcc.real: fatal error: no input files
compilation terminated.
configure:19657: $? = 4
configure:19660: checking whether we are using the GNU C compiler
configure:19729: result: yes
configure:19734: checking whether gcc accepts -g
configure:19920: result: yes
configure:19937: checking for gcc option to accept ISO C89
configure:20057: result: none needed
configure:20088: checking for a BSD-compatible install
configure:20144: result: /usr/bin/install -c
configure:20157: checking for ANSI C header files
configure:20338: result: yes
configure:20365: checking fcntl.h usability
configure:20382: gcc -c -g -O2  conftest.c >&5
configure:20388: $? = 0
configure:20395: test -z "$ac_c_werror_flag" || test ! -s conftest.err
configure:20398: $? = 0
configure:20405: test -s conftest.o
configure:20408: $? = 0
configure:20419: result: yes
configure:20423: checking fcntl.h presence
configure:20438: gcc -E  conftest.c
configure:20444: $? = 0
configure:20465: result: yes
configure:20493: checking for fcntl.h
configure:20501: result: yes
configure:20355: checking for unistd.h
configure:20361: result: yes
configure:20355: checking for string.h
configure:20361: result: yes
configure:20516: checking whether byte ordering is bigendian
configure:20548: gcc -c -g -O2  conftest.c >&5
configure:20554: $? = 0
configure:20561: test -z "$ac_c_werror_flag" || test ! -s conftest.err
configure:20564: $? = 0
configure:20571: test -s conftest.o
configure:20574: $? = 0
configure:20603: gcc -c -g -O2  conftest.c >&5
conftest.c: In function 'main':
conftest.c:30:2: error: unknown type name 'not'
conftest.c:30:10: error: expected '=', ',', ';', 'asm' or '__attribute__' before 'endian'
configure:20609: $? = 1
configure: failed program was:
| /* confdefs.h.  */
| #define PACKAGE_NAME ""
| #define PACKAGE_TARNAME ""
| #define PACKAGE_VERSION ""
| #define PACKAGE_STRING ""
| #define PACKAGE_BUGREPORT ""
| #define STDC_HEADERS 1
| #define HAVE_SYS_TYPES_H 1
| #define HAVE_SYS_STAT_H 1
| #define HAVE_STDLIB_H 1
| #define HAVE_STRING_H 1
| #define HAVE_MEMORY_H 1
| #define HAVE_STRINGS_H 1
| #define HAVE_INTTYPES_H 1
| #define HAVE_STDINT_H 1
| #define HAVE_UNISTD_H 1
| #define HAVE_DLFCN_H 1
| #define STDC_HEADERS 1
| #define HAVE_FCNTL_H 1
| #define HAVE_UNISTD_H 1
| #define HAVE_STRING_H 1
| /* end confdefs.h.  */
| #include <sys/types.h>
| #include <sys/param.h>
| 
| int
| main ()
| {
| #if BYTE_ORDER != BIG_ENDIAN
|  not big endian
| #endif
| 
|   ;
|   return 0;
| }
configure:20783: result: no
configure:20809: checking for an ANSI C-conforming const
configure:20884: gcc -c -g -O2  conftest.c >&5
configure:20890: $? = 0
configure:20897: test -z "$ac_c_werror_flag" || test ! -s conftest.err
configure:20900: $? = 0
configure:20907: test -s conftest.o
configure:20910: $? = 0
configure:20922: result: yes
configure:20932: checking for off_t
configure:20962: gcc -c -g -O2  conftest.c >&5
configure:20968: $? = 0
configure:20975: test -z "$ac_c_werror_flag" || test ! -s conftest.err
configure:20978: $? = 0
configure:20985: test -s conftest.o
configure:20988: $? = 0
configure:21000: result: yes
configure:21012: checking for size_t
configure:21042: gcc -c -g -O2  conftest.c >&5
configure:21048: $? = 0
configure:21055: test -z "$ac_c_werror_flag" || test ! -s conftest.err
configure:21058: $? = 0
configure:21065: test -s conftest.o
configure:21068: $? = 0
configure:21080: result: yes
configure:21094: checking for working memcmp
configure:21147: gcc -o conftest -g -O2   conftest.c  >&5
configure:21150: $? = 0
configure:21156: ./conftest
configure:21159: $? = 0
configure:21175: result: yes
configure:21190: checking for stdlib.h
configure:21196: result: yes
configure:21190: checking for unistd.h
configure:21196: result: yes
configure:21353: checking for getpagesize
configure:21409: gcc -o conftest -g -O2   conftest.c  >&5
configure:21415: $? = 0
configure:21422: test -z "$ac_c_werror_flag" || test ! -s conftest.err
configure:21425: $? = 0
configure:21432: test -s conftest
configure:21435: $? = 0
configure:21449: result: yes
configure:21459: checking for working mmap
configure:21606: gcc -o conftest -g -O2   conftest.c  >&5
configure:21609: $? = 0
configure:21615: ./conftest
configure:21618: $? = 0
configure:21634: result: yes
configure:21657: checking for memmove
configure:21713: gcc -o conftest -g -O2   conftest.c  >&5
conftest.c:50:6: warning: conflicting types for built-in function 'memmove' [enabled by default]
configure:21719: $? = 0
configure:21726: test -z "$ac_c_werror_flag" || test ! -s conftest.err
configure:21729: $? = 0
configure:21736: test -s conftest
configure:21739: $? = 0
configure:21753: result: yes
configure:21657: checking for bcopy
configure:21713: gcc -o conftest -g -O2   conftest.c  >&5
conftest.c:51:6: warning: conflicting types for built-in function 'bcopy' [enabled by default]
configure:21719: $? = 0
configure:21726: test -z "$ac_c_werror_flag" || test ! -s conftest.err
configure:21729: $? = 0
configure:21736: test -s conftest
configure:21739: $? = 0
configure:21753: result: yes
configure:21866: creating ./config.status

## ---------------------- ##
## Running config.status. ##
## ---------------------- ##

This file was extended by config.status, which was
generated by GNU Autoconf 2.60.  Invocation command line was

  CONFIG_FILES    = 
  CONFIG_HEADERS  = 
  CONFIG_LINKS    = 
  CONFIG_COMMANDS = 
  $ ./config.status 

on ubuntu

config.status:622: creating Makefile
config.status:757: WARNING:  Makefile.in seems to ignore the --datarootdir setting
config.status:622: creating lib/Makefile
config.status:757: WARNING:  lib/Makefile.in seems to ignore the --datarootdir setting
config.status:622: creating lib/expat.h
config.status:622: creating config.h

## ---------------- ##
## Cache variables. ##
## ---------------- ##

ac_cv_build=i686-pc-linux-gnu
ac_cv_c_bigendian=no
ac_cv_c_compiler_gnu=yes
ac_cv_c_const=yes
ac_cv_cxx_compiler_gnu=no
ac_cv_env_CCC_set=
ac_cv_env_CCC_value=
ac_cv_env_CC_set=
ac_cv_env_CC_value=
ac_cv_env_CFLAGS_set=
ac_cv_env_CFLAGS_value=
ac_cv_env_CPPFLAGS_set=
ac_cv_env_CPPFLAGS_value=
ac_cv_env_CPP_set=
ac_cv_env_CPP_value=
ac_cv_env_CXXCPP_set=
ac_cv_env_CXXCPP_value=
ac_cv_env_CXXFLAGS_set=
ac_cv_env_CXXFLAGS_value=
ac_cv_env_CXX_set=
ac_cv_env_CXX_value=
ac_cv_env_F77_set=
ac_cv_env_F77_value=
ac_cv_env_FFLAGS_set=
ac_cv_env_FFLAGS_value=
ac_cv_env_LDFLAGS_set=
ac_cv_env_LDFLAGS_value=
ac_cv_env_build_alias_set=
ac_cv_env_build_alias_value=
ac_cv_env_host_alias_set=
ac_cv_env_host_alias_value=
ac_cv_env_target_alias_set=
ac_cv_env_target_alias_value=
ac_cv_f77_compiler_gnu=no
ac_cv_func_bcopy=yes
ac_cv_func_getpagesize=yes
ac_cv_func_memcmp_working=yes
ac_cv_func_memmove=yes
ac_cv_func_mmap_fixed_mapped=yes
ac_cv_header_dlfcn_h=yes
ac_cv_header_fcntl_h=yes
ac_cv_header_inttypes_h=yes
ac_cv_header_memory_h=yes
ac_cv_header_stdc=yes
ac_cv_header_stdint_h=yes
ac_cv_header_stdlib_h=yes
ac_cv_header_string_h=yes
ac_cv_header_strings_h=yes
ac_cv_header_sys_stat_h=yes
ac_cv_header_sys_types_h=yes
ac_cv_header_unistd_h=yes
ac_cv_host=i686-pc-linux-gnu
ac_cv_objext=o
ac_cv_path_EGREP='/bin/grep -E'
ac_cv_path_GREP=/bin/grep
ac_cv_path_install='/usr/bin/install -c'
ac_cv_prog_CPP='gcc -E'
ac_cv_prog_ac_ct_AR=ar
ac_cv_prog_ac_ct_CC=gcc
ac_cv_prog_ac_ct_CXX=g++
ac_cv_prog_ac_ct_RANLIB=ranlib
ac_cv_prog_ac_ct_STRIP=strip
ac_cv_prog_cc_c89=
ac_cv_prog_cc_g=yes
ac_cv_prog_cxx_g=no
ac_cv_prog_f77_g=no
ac_cv_target=i686-pc-linux-gnu
ac_cv_type_off_t=yes
ac_cv_type_size_t=yes
lt_cv_deplibs_check_method=pass_all
lt_cv_file_magic_cmd='$MAGIC_CMD'
lt_cv_file_magic_test_file=
lt_cv_ld_reload_flag=-r
lt_cv_objdir=.libs
lt_cv_path_LD=/usr/bin/ld
lt_cv_path_NM='/usr/bin/nm -B'
lt_cv_path_SED=/bin/sed
lt_cv_prog_compiler_c_o=yes
lt_cv_prog_compiler_rtti_exceptions=no
lt_cv_prog_gnu_ld=yes
lt_cv_sys_global_symbol_pipe='sed -n -e '\''s/^.*[ 	]\([ABCDGIRSTW][ABCDGIRSTW]*\)[ 	][ 	]*\([_A-Za-z][_A-Za-z0-9]*\)$/\1 \2 \2/p'\'''
lt_cv_sys_global_symbol_to_c_name_address='sed -n -e '\''s/^: \([^ ]*\) $/  {\"\1\", (lt_ptr) 0},/p'\'' -e '\''s/^[BCDEGRST] \([^ ]*\) \([^ ]*\)$/  {"\2", (lt_ptr) \&\2},/p'\'''
lt_cv_sys_global_symbol_to_cdecl='sed -n -e '\''s/^. .* \(.*\)$/extern int \1;/p'\'''
lt_cv_sys_max_cmd_len=32768
lt_lt_cv_prog_compiler_c_o='"yes"'
lt_lt_cv_sys_global_symbol_pipe='"sed -n -e '\''s/^.*[ 	]\\([ABCDGIRSTW][ABCDGIRSTW]*\\)[ 	][ 	]*\\([_A-Za-z][_A-Za-z0-9]*\\)\$/\\1 \\2 \\2/p'\''"'
lt_lt_cv_sys_global_symbol_to_c_name_address='"sed -n -e '\''s/^: \\([^ ]*\\) \$/  {\\\"\\1\\\", (lt_ptr) 0},/p'\'' -e '\''s/^[BCDEGRST] \\([^ ]*\\) \\([^ ]*\\)\$/  {\"\\2\", (lt_ptr) \\&\\2},/p'\''"'
lt_lt_cv_sys_global_symbol_to_cdecl='"sed -n -e '\''s/^. .* \\(.*\\)\$/extern int \\1;/p'\''"'

## ----------------- ##
## Output variables. ##
## ----------------- ##

AR='ar'
AS='as'
CC='gcc'
CFLAGS='-g -O2'
CPP='gcc -E'
CPPFLAGS=''
CXX='g++'
CXXCPP=''
CXXFLAGS=''
DEFS='-DHAVE_CONFIG_H'
DLLTOOL='dlltool'
ECHO='echo'
ECHO_C=''
ECHO_N='-n'
ECHO_T=''
EGREP='/bin/grep -E'
EXEEXT=''
EXPAT_EDIT='2'
EXPAT_MAJOR_VERSION='1'
EXPAT_MINOR_VERSION='95'
F77=''
FFLAGS=''
FILEMAP_OBJ='unixfilemap.o'
GREP='/bin/grep'
INSTALL_DATA='${INSTALL} -m 644'
INSTALL_PROGRAM='${INSTALL}'
INSTALL_SCRIPT='${INSTALL}'
LDFLAGS=''
LIBAGE='1'
LIBCURRENT='1'
LIBOBJS=''
LIBREVISION='0'
LIBS=''
LIBTOOL='$(SHELL) $(top_builddir)/libtool'
LN_S='ln -s'
LTLIBOBJS=''
OBJDUMP='objdump'
OBJEXT='o'
PACKAGE='expat'
PACKAGE_BUGREPORT=''
PACKAGE_NAME=''
PACKAGE_STRING=''
PACKAGE_TARNAME=''
PACKAGE_VERSION=''
PATH_SEPARATOR=':'
RANLIB='ranlib'
SHELL='/bin/bash'
STRIP='strip'
VERSION='1.95.2'
ac_ct_CC='gcc'
ac_ct_CXX='g++'
ac_ct_F77=''
bindir='/usr/local/apache2/bin'
blddir='/home/mbin96/build/src/term/http/httpd-2.0.63/srclib/apr-util/xml/expat'
build='i686-pc-linux-gnu'
build_alias=''
build_cpu='i686'
build_os='linux-gnu'
build_vendor='pc'
datadir='${datarootdir}'
datarootdir='${prefix}/share'
docdir='${datarootdir}/doc/${PACKAGE}'
dvidir='${docdir}'
exec_prefix='/usr/local/apache2'
host='i686-pc-linux-gnu'
host_alias=''
host_cpu='i686'
host_os='linux-gnu'
host_vendor='pc'
htmldir='${docdir}'
includedir='/usr/local/apache2/include'
infodir='${datarootdir}/info'
libdir='/usr/local/apache2/lib'
libexecdir='${exec_prefix}/libexec'
localedir='${datarootdir}/locale'
localstatedir='${prefix}/var'
mandir='${datarootdir}/man'
oldincludedir='/usr/include'
pdfdir='${docdir}'
prefix='/usr/local/apache2'
program_transform_name='s,x,x,'
psdir='${docdir}'
sbindir='${exec_prefix}/sbin'
sharedstatedir='${prefix}/com'
sysconfdir='${prefix}/etc'
target='i686-pc-linux-gnu'
target_alias=''
target_cpu='i686'
target_os='linux-gnu'
target_vendor='pc'

## ----------- ##
## confdefs.h. ##
## ----------- ##

#define PACKAGE_NAME ""
#define PACKAGE_TARNAME ""
#define PACKAGE_VERSION ""
#define PACKAGE_STRING ""
#define PACKAGE_BUGREPORT ""
#define STDC_HEADERS 1
#define HAVE_SYS_TYPES_H 1
#define HAVE_SYS_STAT_H 1
#define HAVE_STDLIB_H 1
#define HAVE_STRING_H 1
#define HAVE_MEMORY_H 1
#define HAVE_STRINGS_H 1
#define HAVE_INTTYPES_H 1
#define HAVE_STDINT_H 1
#define HAVE_UNISTD_H 1
#define HAVE_DLFCN_H 1
#define STDC_HEADERS 1
#define HAVE_FCNTL_H 1
#define HAVE_UNISTD_H 1
#define HAVE_STRING_H 1
#define HAVE_STDLIB_H 1
#define HAVE_UNISTD_H 1
#define HAVE_GETPAGESIZE 1
#define HAVE_MMAP 1
#define HAVE_MEMMOVE 1
#define HAVE_BCOPY 1

configure: exit 0
